2022-09-17 00:06:10,437 :INFO : WDM :====== WebDriver manager ======
2022-09-17 00:06:12,036 :INFO : WDM :Get LATEST chromedriver version for google-chrome 105.0.5195
2022-09-17 00:06:14,375 :INFO : WDM :About to download new driver from https://chromedriver.storage.googleapis.com/105.0.5195.52/chromedriver_win32.zip
2022-09-17 00:06:24,410 :INFO : WDM :Driver has been saved in cache [C:\Users\dell\.wdm\drivers\chromedriver\win32\105.0.5195]
2022-09-17 00:27:00,757 :INFO : WDM :====== WebDriver manager ======
2022-09-17 00:27:02,181 :INFO : WDM :Get LATEST chromedriver version for google-chrome 105.0.5195
2022-09-17 00:27:04,225 :INFO : WDM :Driver [C:\Users\dell\.wdm\drivers\chromedriver\win32\105.0.5195\chromedriver.exe] found in cache
2022-09-17 00:27:21,846 :INFO : root :************* New employee is Added ***********
2022-09-17 00:28:44,978 :INFO : WDM :====== WebDriver manager ======
2022-09-17 00:28:46,262 :INFO : WDM :Get LATEST chromedriver version for google-chrome 105.0.5195
2022-09-17 00:28:48,526 :INFO : WDM :Driver [C:\Users\dell\.wdm\drivers\chromedriver\win32\105.0.5195\chromedriver.exe] found in cache
2022-09-17 00:29:04,008 :INFO : root :************* New employee is Added ***********
2022-09-17 00:29:04,188 :INFO : WDM :====== WebDriver manager ======
2022-09-17 00:29:05,805 :INFO : WDM :Get LATEST chromedriver version for google-chrome 105.0.5195
2022-09-17 00:29:07,590 :INFO : WDM :Driver [C:\Users\dell\.wdm\drivers\chromedriver\win32\105.0.5195\chromedriver.exe] found in cache
2022-09-17 00:31:18,578 :INFO : WDM :====== WebDriver manager ======
2022-09-17 00:31:20,340 :INFO : WDM :Get LATEST chromedriver version for google-chrome 105.0.5195
2022-09-17 00:31:22,079 :INFO : WDM :Driver [C:\Users\dell\.wdm\drivers\chromedriver\win32\105.0.5195\chromedriver.exe] found in cache
2022-09-17 00:31:39,535 :INFO : root :************* New employee is Added ***********
2022-09-17 00:31:50,544 :INFO : root :------ Personal Details is Added ---------
2022-09-17 00:42:51,947 :INFO : WDM :====== WebDriver manager ======
2022-09-17 00:42:53,581 :INFO : WDM :Get LATEST chromedriver version for google-chrome 105.0.5195
2022-09-17 00:42:55,545 :INFO : WDM :Driver [C:\Users\dell\.wdm\drivers\chromedriver\win32\105.0.5195\chromedriver.exe] found in cache
2022-09-17 00:43:12,661 :INFO : root :************* New employee is Added ***********
